<?xml version="1.0" encoding="UTF-8"?>
<testsuite xmlns:xsi="http://www.w3.org/2001/XMLSchema-instance" xsi:noNamespaceSchemaLocation="https://maven.apache.org/surefire/maven-surefire-plugin/xsd/surefire-test-report.xsd" name="br.com.ame.runner.LoginRunnerTest" time="51.103" tests="15" errors="0" skipped="0" failures="0">
  <properties>
[...]
</properties>
  <testcase name="Dado que estou acessando a aplicação" classname="Cenário: Login com Sucesso" time="0.002"/>
  <testcase name="Quando informo o usuario &quot;teste@getnada.com&quot;" classname="Cenário: Login com Sucesso" time="0"/>
  <testcase name="E informo a senha &quot;102030&quot;" classname="Cenário: Login com Sucesso" time="0"/>
  <testcase name="Então devo ver &quot;My account&quot; na área logada." classname="Cenário: Login com Sucesso" time="0"/>
  <testcase name="Cenário: Login com Sucesso" classname="Cenário: Login com Sucesso" time="2.115"/>
  <testcase name="Dado que estou acessando a aplicação" classname="| &quot;teste@getnada&quot; | &quot;102030&quot; | &quot;Invalid email address.&quot; |" time="0"/>
  <testcase name="Quando informo o usuario &quot;teste@getnada&quot;" classname="| &quot;teste@getnada&quot; | &quot;102030&quot; | &quot;Invalid email address.&quot; |" time="0.001"/>
  <testcase name="E informo a senha &quot;102030&quot;" classname="| &quot;teste@getnada&quot; | &quot;102030&quot; | &quot;Invalid email address.&quot; |" time="0"/>
  <testcase name="Então recebo a mensagem &quot;Invalid email address.&quot;" classname="| &quot;teste@getnada&quot; | &quot;102030&quot; | &quot;Invalid email address.&quot; |" time="0"/>
  <testcase name="| &quot;teste@getnada&quot; | &quot;102030&quot; | &quot;Invalid email address.&quot; |" classname="| &quot;teste@getnada&quot; | &quot;102030&quot; | &quot;Invalid email address.&quot; |" time="1.887"/>
  <testcase name="Dado que estou acessando a aplicação" classname="| &quot;  &quot; | &quot;       &quot; | &quot;An email address required.&quot; |" time="0"/>
  <testcase name="Quando informo o usuario &quot;  &quot;" classname="| &quot;  &quot; | &quot;       &quot; | &quot;An email address required.&quot; |" time="0"/>
  <testcase name="E informo a senha &quot;       &quot;" classname="| &quot;  &quot; | &quot;       &quot; | &quot;An email address required.&quot; |" time="0"/>
  <testcase name="Então recebo a mensagem &quot;An email address required.&quot;" classname="| &quot;  &quot; | &quot;       &quot; | &quot;An email address required.&quot; |" time="0"/>
  <testcase name="| &quot;  &quot; | &quot;       &quot; | &quot;An email address required.&quot; |" classname="| &quot;  &quot; | &quot;       &quot; | &quot;An email address required.&quot; |" time="1.823"/>
</testsuite>